2022-04-14 12:40:13 ERROR GlobalExceptionHandler:18 - Request method 'POST' not supported
2022-04-17 10:22:40 ERROR GlobalExceptionHandler:18 - JSON parse error: Cannot deserialize value of type `int` from String "casasa": not a valid `int` value; nested exception is com.fasterxml.jackson.databind.exc.InvalidFormatException: Cannot deserialize value of type `int` from String "casasa": not a valid `int` value
 at [Source: (org.springframework.util.StreamUtils$NonClosingInputStream); line: 1, column: 70] (through reference chain: PatientDTO["dni"])
2022-04-17 18:53:09 ERROR GlobalExceptionHandler:18 - Failed to convert value of type 'java.lang.String' to required type 'java.lang.Integer'; nested exception is java.lang.NumberFormatException: For input string: "{id}"
2022-04-17 18:53:13 ERROR GlobalExceptionHandler:18 - Failed to convert value of type 'java.lang.String' to required type 'java.lang.Integer'; nested exception is java.lang.NumberFormatException: For input string: "{id}"
2022-04-17 18:53:18 ERROR GlobalExceptionHandler:18 - Failed to convert value of type 'java.lang.String' to required type 'java.lang.Integer'; nested exception is java.lang.NumberFormatException: For input string: "{id}"
2022-04-17 18:53:22 ERROR GlobalExceptionHandler:18 - Failed to convert value of type 'java.lang.String' to required type 'java.lang.Integer'; nested exception is java.lang.NumberFormatException: For input string: "{id}"
2022-04-17 18:53:32 ERROR GlobalExceptionHandler:18 - Failed to convert value of type 'java.lang.String' to required type 'java.lang.Integer'; nested exception is java.lang.NumberFormatException: For input string: "{id}"
2022-04-17 18:57:50 ERROR GlobalExceptionHandler:18 - Request method 'PUT' not supported
2022-04-17 18:58:30 ERROR GlobalExceptionHandler:18 - Request method 'PUT' not supported
2022-04-17 19:00:12 ERROR GlobalExceptionHandler:18 - Request method 'PUT' not supported
2022-04-17 19:04:40 ERROR GlobalExceptionHandler:18 - Request method 'PUT' not supported
2022-04-17 19:04:41 ERROR GlobalExceptionHandler:18 - Request method 'PUT' not supported
2022-04-17 19:04:41 ERROR GlobalExceptionHandler:18 - Request method 'PUT' not supported
2022-04-17 19:04:41 ERROR GlobalExceptionHandler:18 - Request method 'PUT' not supported
2022-04-17 19:04:41 ERROR GlobalExceptionHandler:18 - Request method 'PUT' not supported
2022-04-17 19:04:42 ERROR GlobalExceptionHandler:18 - Request method 'PUT' not supported
2022-04-17 19:04:42 ERROR GlobalExceptionHandler:18 - Request method 'PUT' not supported
2022-04-17 19:04:42 ERROR GlobalExceptionHandler:18 - Request method 'PUT' not supported
2022-04-17 19:04:43 ERROR GlobalExceptionHandler:18 - Request method 'PUT' not supported
2022-04-17 19:04:43 ERROR GlobalExceptionHandler:18 - Request method 'PUT' not supported
2022-04-17 19:04:44 ERROR GlobalExceptionHandler:18 - Request method 'PUT' not supported
2022-04-17 19:04:45 ERROR GlobalExceptionHandler:18 - Request method 'PUT' not supported
2022-04-17 19:04:45 ERROR GlobalExceptionHandler:18 - Request method 'PUT' not supported
2022-04-17 19:04:45 ERROR GlobalExceptionHandler:18 - Request method 'PUT' not supported
2022-04-17 19:04:46 ERROR GlobalExceptionHandler:18 - Request method 'PUT' not supported
2022-04-17 19:04:46 ERROR GlobalExceptionHandler:18 - Request method 'PUT' not supported
2022-04-17 19:04:46 ERROR GlobalExceptionHandler:18 - Request method 'PUT' not supported
2022-04-17 19:04:46 ERROR GlobalExceptionHandler:18 - Request method 'PUT' not supported
2022-04-17 19:04:47 ERROR GlobalExceptionHandler:18 - Request method 'PUT' not supported
2022-04-18 09:55:19 ERROR GlobalExceptionHandler:18 - Request method 'PUT' not supported
2022-04-18 09:59:55 ERROR GlobalExceptionHandler:18 - JSON parse error: Invalid numeric value: Leading zeroes not allowed; nested exception is com.fasterxml.jackson.core.JsonParseException: Invalid numeric value: Leading zeroes not allowed
 at [Source: (org.springframework.util.StreamUtils$NonClosingInputStream); line: 5, column: 17]
2022-04-20 02:30:41 ERROR GlobalExceptionHandler:18 - No class IntegrativeProject.DentalClinic.Entities.Dentist entity with id 1 exists!
2022-04-20 11:35:06 ERROR GlobalExceptionHandler:18 - Required request body is missing: public org.springframework.http.ResponseEntity<?> IntegrativeProject.DentalClinic.Controller.DentistController.create(IntegrativeProject.DentalClinic.Dto.DentistDTO)
2022-04-20 11:36:59 ERROR GlobalExceptionHandler:18 - JSON parse error: Cannot construct instance of `java.sql.Time`, problem: `java.lang.IllegalArgumentException`; nested exception is com.fasterxml.jackson.databind.exc.ValueInstantiationException: Cannot construct instance of `java.sql.Time`, problem: `java.lang.IllegalArgumentException`
 at [Source: (org.springframework.util.StreamUtils$NonClosingInputStream); line: 9, column: 13] (through reference chain: IntegrativeProject.DentalClinic.Dto.AppointmentDTO["time"])
2022-04-20 13:29:27 ERROR GlobalExceptionHandler:18 - JSON parse error: Cannot deserialize value of type `java.time.LocalDate` from String "2021-04-204": Failed to deserialize java.time.LocalDate: (java.time.format.DateTimeParseException) Text '2021-04-204' could not be parsed, unparsed text found at index 10; nested exception is com.fasterxml.jackson.databind.exc.InvalidFormatException: Cannot deserialize value of type `java.time.LocalDate` from String "2021-04-204": Failed to deserialize java.time.LocalDate: (java.time.format.DateTimeParseException) Text '2021-04-204' could not be parsed, unparsed text found at index 10
 at [Source: (org.springframework.util.StreamUtils$NonClosingInputStream); line: 1, column: 51] (through reference chain: IntegrativeProject.DentalClinic.Dto.AppointmentDTO["date"])
2022-04-20 13:38:07 ERROR GlobalExceptionHandler:18 - Required request body is missing: public org.springframework.http.ResponseEntity<?> IntegrativeProject.DentalClinic.Controller.AppointmentController.create(IntegrativeProject.DentalClinic.Dto.AppointmentDTO)
